\BOOKMARK [1][-]{section.1}{Objetivos generales}{}% 1
\BOOKMARK [1][-]{section.2}{Desarrollo}{}% 2
\BOOKMARK [2][-]{subsection.2.1}{Segmentaci\363n y activaci\363n de modo protegido}{section.2}% 3
\BOOKMARK [2][-]{subsection.2.2}{Paginaci\363n}{section.2}% 4
\BOOKMARK [3][-]{subsubsection.2.2.1}{Directorio de kernel}{subsection.2.2}% 5
\BOOKMARK [3][-]{subsubsection.2.2.2}{Directorios de tareas}{subsection.2.2}% 6
\BOOKMARK [2][-]{subsection.2.3}{Interrupciones}{section.2}% 7
\BOOKMARK [3][-]{subsubsection.2.3.1}{Excepciones}{subsection.2.3}% 8
\BOOKMARK [3][-]{subsubsection.2.3.2}{Interrupci\363n de reloj}{subsection.2.3}% 9
\BOOKMARK [3][-]{subsubsection.2.3.3}{Interrupciones de teclado}{subsection.2.3}% 10
\BOOKMARK [3][-]{subsubsection.2.3.4}{Servicios de sistema}{subsection.2.3}% 11
\BOOKMARK [2][-]{subsection.2.4}{Gesti\363n de tareas}{section.2}% 12
\BOOKMARK [2][-]{subsection.2.5}{Scheduler de tareas}{section.2}% 13
\BOOKMARK [3][-]{subsubsection.2.5.1}{Lanzado y desalojo de tareas}{subsection.2.5}% 14
\BOOKMARK [2][-]{subsection.2.6}{Game}{section.2}% 15
\BOOKMARK [3][-]{subsubsection.2.6.1}{Interacci\363n con el usuario}{subsection.2.6}% 16
\BOOKMARK [3][-]{subsubsection.2.6.2}{Interaccion con tareas}{subsection.2.6}% 17
\BOOKMARK [2][-]{subsection.2.7}{Pantalla}{section.2}% 18
\BOOKMARK [2][-]{subsection.2.8}{Modo debug}{section.2}% 19
\BOOKMARK [1][-]{section.3}{Conclusi\363n}{}% 20
